13:46:48 INFO  : Registering command handlers for SDK TCF services
13:46:49 INFO  : Launching XSCT server: xsct -n -interactive /home/mehdi/VivadoDesignSuite/Vivado/zNetVision/zNetVision.sdk/temp_xsdb_launch_script.tcl
13:46:50 INFO  : XSCT server has started successfully.
13:46:50 INFO  : Successfully done setting XSCT server connection channel  
13:46:50 INFO  : Successfully done setting SDK workspace  
13:46:50 INFO  : Processing command line option -hwspec /home/mehdi/VivadoDesignSuite/Vivado/zNetVision/zNetVision.sdk/Design_01_wrapper.hdf.
16:11:02 INFO  : Connected to target on host '127.0.0.1' and port '3121'.
16:11:02 INFO  : 'targets -set -filter {jtag_cable_name =~ "Digilent Zybo Z7 210351A6B45BA" && level==0} -index 1' command is executed.
16:11:05 INFO  : FPGA configured successfully with bitstream "/home/mehdi/VivadoDesignSuite/Vivado/zNetVision/zNetVision.sdk/Design_01_wrapper_hw_platform_0/Design_01_wrapper.bit"
16:12:24 INFO  : 'targets -set -filter {jtag_cable_name =~ "Digilent Zybo Z7 210351A6B45BA" && level==0} -index 1' command is executed.
16:12:24 INFO  : 'fpga -state' command is executed.
16:12:24 INFO  : Connected to target on host '127.0.0.1' and port '3121'.
16:12:24 INFO  : Jtag cable 'Digilent Zybo Z7 210351A6B45BA' is selected.
16:12:24 INFO  : 'jtag frequency' command is executed.
16:12:24 INFO  : Sourcing of '/home/mehdi/VivadoDesignSuite/Vivado/zNetVision/zNetVision.sdk/Design_01_wrapper_hw_platform_0/ps7_init.tcl' is done.
16:12:24 INFO  : Context for 'APU' is selected.
16:12:24 INFO  : Hardware design information is loaded from '/home/mehdi/VivadoDesignSuite/Vivado/zNetVision/zNetVision.sdk/Design_01_wrapper_hw_platform_0/system.hdf'.
16:12:24 INFO  : 'configparams force-mem-access 1' command is executed.
16:12:24 INFO  : Context for 'APU' is selected.
16:12:25 INFO  : 'stop' command is executed.
16:12:25 INFO  : 'ps7_init' command is executed.
16:12:25 INFO  : 'ps7_post_config' command is executed.
16:12:25 INFO  : Context for processor 'ps7_cortexa9_0' is selected.
16:12:25 INFO  : Processor reset is completed for 'ps7_cortexa9_0'.
16:12:25 INFO  : Context for processor 'ps7_cortexa9_0' is selected.
16:12:25 INFO  : The application '/home/mehdi/VivadoDesignSuite/Vivado/zNetVision/zNetVision.sdk/zNetVision_SW_01/Debug/zNetVision_SW_01.elf' is downloaded to processor 'ps7_cortexa9_0'.
16:12:25 INFO  : 'configparams force-mem-access 0' command is executed.
16:12:25 INFO  : ----------------XSDB Script----------------
connect -url tcp:127.0.0.1:3121
source /home/mehdi/VivadoDesignSuite/Vivado/zNetVision/zNetVision.sdk/Design_01_wrapper_hw_platform_0/ps7_init.tcl
targets -set -nocase -filter {name =~"APU*" && jtag_cable_name =~ "Digilent Zybo Z7 210351A6B45BA"} -index 0
loadhw -hw /home/mehdi/VivadoDesignSuite/Vivado/zNetVision/zNetVision.sdk/Design_01_wrapper_hw_platform_0/system.hdf -mem-ranges [list {0x40000000 0xbfffffff}]
configparams force-mem-access 1
targets -set -nocase -filter {name =~"APU*" && jtag_cable_name =~ "Digilent Zybo Z7 210351A6B45BA"} -index 0
stop
ps7_init
ps7_post_config
targets -set -nocase -filter {name =~ "ARM*#0" && jtag_cable_name =~ "Digilent Zybo Z7 210351A6B45BA"} -index 0
rst -processor
targets -set -nocase -filter {name =~ "ARM*#0" && jtag_cable_name =~ "Digilent Zybo Z7 210351A6B45BA"} -index 0
dow /home/mehdi/VivadoDesignSuite/Vivado/zNetVision/zNetVision.sdk/zNetVision_SW_01/Debug/zNetVision_SW_01.elf
configparams force-mem-access 0
----------------End of Script----------------

16:12:25 INFO  : Memory regions updated for context APU
16:12:25 INFO  : Context for processor 'ps7_cortexa9_0' is selected.
16:12:25 INFO  : 'con' command is executed.
16:12:25 INFO  : ----------------XSDB Script (After Launch)----------------
targets -set -nocase -filter {name =~ "ARM*#0" && jtag_cable_name =~ "Digilent Zybo Z7 210351A6B45BA"} -index 0
con
----------------End of Script----------------

16:12:25 INFO  : Launch script is exported to file '/home/mehdi/VivadoDesignSuite/Vivado/zNetVision/zNetVision.sdk/.sdk/launch_scripts/xilinx_c-c++_application_(system_debugger)/system_debugger_using_debug_znetvision_sw_01.elf_on_local.tcl'
16:12:56 INFO  : Disconnected from the channel tcfchan#1.
16:12:57 INFO  : 'targets -set -filter {jtag_cable_name =~ "Digilent Zybo Z7 210351A6B45BA" && level==0} -index 1' command is executed.
16:12:57 INFO  : 'fpga -state' command is executed.
16:12:57 INFO  : Connected to target on host '127.0.0.1' and port '3121'.
16:12:57 INFO  : Jtag cable 'Digilent Zybo Z7 210351A6B45BA' is selected.
16:12:57 INFO  : 'jtag frequency' command is executed.
16:12:57 INFO  : Sourcing of '/home/mehdi/VivadoDesignSuite/Vivado/zNetVision/zNetVision.sdk/Design_01_wrapper_hw_platform_0/ps7_init.tcl' is done.
16:12:57 INFO  : Context for 'APU' is selected.
16:12:58 INFO  : Hardware design information is loaded from '/home/mehdi/VivadoDesignSuite/Vivado/zNetVision/zNetVision.sdk/Design_01_wrapper_hw_platform_0/system.hdf'.
16:12:58 INFO  : 'configparams force-mem-access 1' command is executed.
16:12:58 INFO  : Context for 'APU' is selected.
16:12:58 INFO  : 'stop' command is executed.
16:12:59 INFO  : 'ps7_init' command is executed.
16:12:59 INFO  : 'ps7_post_config' command is executed.
16:12:59 INFO  : Context for processor 'ps7_cortexa9_0' is selected.
16:12:59 INFO  : Processor reset is completed for 'ps7_cortexa9_0'.
16:12:59 INFO  : Context for processor 'ps7_cortexa9_0' is selected.
16:12:59 INFO  : The application '/home/mehdi/VivadoDesignSuite/Vivado/zNetVision/zNetVision.sdk/zNetVision_SW_01/Debug/zNetVision_SW_01.elf' is downloaded to processor 'ps7_cortexa9_0'.
16:12:59 INFO  : 'configparams force-mem-access 0' command is executed.
16:12:59 INFO  : ----------------XSDB Script----------------
connect -url tcp:127.0.0.1:3121
source /home/mehdi/VivadoDesignSuite/Vivado/zNetVision/zNetVision.sdk/Design_01_wrapper_hw_platform_0/ps7_init.tcl
targets -set -nocase -filter {name =~"APU*" && jtag_cable_name =~ "Digilent Zybo Z7 210351A6B45BA"} -index 0
loadhw -hw /home/mehdi/VivadoDesignSuite/Vivado/zNetVision/zNetVision.sdk/Design_01_wrapper_hw_platform_0/system.hdf -mem-ranges [list {0x40000000 0xbfffffff}]
configparams force-mem-access 1
targets -set -nocase -filter {name =~"APU*" && jtag_cable_name =~ "Digilent Zybo Z7 210351A6B45BA"} -index 0
stop
ps7_init
ps7_post_config
targets -set -nocase -filter {name =~ "ARM*#0" && jtag_cable_name =~ "Digilent Zybo Z7 210351A6B45BA"} -index 0
rst -processor
targets -set -nocase -filter {name =~ "ARM*#0" && jtag_cable_name =~ "Digilent Zybo Z7 210351A6B45BA"} -index 0
dow /home/mehdi/VivadoDesignSuite/Vivado/zNetVision/zNetVision.sdk/zNetVision_SW_01/Debug/zNetVision_SW_01.elf
configparams force-mem-access 0
----------------End of Script----------------

16:12:59 INFO  : Memory regions updated for context APU
16:12:59 INFO  : Context for processor 'ps7_cortexa9_0' is selected.
16:12:59 INFO  : 'con' command is executed.
16:12:59 INFO  : ----------------XSDB Script (After Launch)----------------
targets -set -nocase -filter {name =~ "ARM*#0" && jtag_cable_name =~ "Digilent Zybo Z7 210351A6B45BA"} -index 0
con
----------------End of Script----------------

16:12:59 INFO  : Launch script is exported to file '/home/mehdi/VivadoDesignSuite/Vivado/zNetVision/zNetVision.sdk/.sdk/launch_scripts/xilinx_c-c++_application_(system_debugger)/system_debugger_using_debug_znetvision_sw_01.elf_on_local.tcl'
16:25:02 INFO  : Disconnected from the channel tcfchan#2.
16:25:03 INFO  : 'targets -set -filter {jtag_cable_name =~ "Digilent Zybo Z7 210351A6B45BA" && level==0} -index 1' command is executed.
16:25:03 INFO  : 'fpga -state' command is executed.
16:25:03 INFO  : Connected to target on host '127.0.0.1' and port '3121'.
16:25:03 INFO  : Jtag cable 'Digilent Zybo Z7 210351A6B45BA' is selected.
16:25:03 INFO  : 'jtag frequency' command is executed.
16:25:03 INFO  : Sourcing of '/home/mehdi/VivadoDesignSuite/Vivado/zNetVision/zNetVision.sdk/Design_01_wrapper_hw_platform_0/ps7_init.tcl' is done.
16:25:03 INFO  : Context for 'APU' is selected.
16:25:04 INFO  : Hardware design information is loaded from '/home/mehdi/VivadoDesignSuite/Vivado/zNetVision/zNetVision.sdk/Design_01_wrapper_hw_platform_0/system.hdf'.
16:25:04 INFO  : 'configparams force-mem-access 1' command is executed.
16:25:04 INFO  : Context for 'APU' is selected.
16:25:04 INFO  : 'stop' command is executed.
16:25:04 INFO  : 'ps7_init' command is executed.
16:25:04 INFO  : 'ps7_post_config' command is executed.
16:25:04 INFO  : Context for processor 'ps7_cortexa9_0' is selected.
16:25:04 INFO  : Processor reset is completed for 'ps7_cortexa9_0'.
16:25:04 INFO  : Context for processor 'ps7_cortexa9_0' is selected.
16:25:04 INFO  : The application '/home/mehdi/VivadoDesignSuite/Vivado/zNetVision/zNetVision.sdk/zNetVision_SW_01/Debug/zNetVision_SW_01.elf' is downloaded to processor 'ps7_cortexa9_0'.
16:25:04 INFO  : 'configparams force-mem-access 0' command is executed.
16:25:04 INFO  : ----------------XSDB Script----------------
connect -url tcp:127.0.0.1:3121
source /home/mehdi/VivadoDesignSuite/Vivado/zNetVision/zNetVision.sdk/Design_01_wrapper_hw_platform_0/ps7_init.tcl
targets -set -nocase -filter {name =~"APU*" && jtag_cable_name =~ "Digilent Zybo Z7 210351A6B45BA"} -index 0
loadhw -hw /home/mehdi/VivadoDesignSuite/Vivado/zNetVision/zNetVision.sdk/Design_01_wrapper_hw_platform_0/system.hdf -mem-ranges [list {0x40000000 0xbfffffff}]
configparams force-mem-access 1
targets -set -nocase -filter {name =~"APU*" && jtag_cable_name =~ "Digilent Zybo Z7 210351A6B45BA"} -index 0
stop
ps7_init
ps7_post_config
targets -set -nocase -filter {name =~ "ARM*#0" && jtag_cable_name =~ "Digilent Zybo Z7 210351A6B45BA"} -index 0
rst -processor
targets -set -nocase -filter {name =~ "ARM*#0" && jtag_cable_name =~ "Digilent Zybo Z7 210351A6B45BA"} -index 0
dow /home/mehdi/VivadoDesignSuite/Vivado/zNetVision/zNetVision.sdk/zNetVision_SW_01/Debug/zNetVision_SW_01.elf
configparams force-mem-access 0
----------------End of Script----------------

16:25:04 INFO  : Memory regions updated for context APU
16:25:04 INFO  : Context for processor 'ps7_cortexa9_0' is selected.
16:25:04 INFO  : 'con' command is executed.
16:25:04 INFO  : ----------------XSDB Script (After Launch)----------------
targets -set -nocase -filter {name =~ "ARM*#0" && jtag_cable_name =~ "Digilent Zybo Z7 210351A6B45BA"} -index 0
con
----------------End of Script----------------

16:25:04 INFO  : Launch script is exported to file '/home/mehdi/VivadoDesignSuite/Vivado/zNetVision/zNetVision.sdk/.sdk/launch_scripts/xilinx_c-c++_application_(system_debugger)/system_debugger_using_debug_znetvision_sw_01.elf_on_local.tcl'
16:29:02 INFO  : Disconnected from the channel tcfchan#3.
16:29:03 INFO  : 'targets -set -filter {jtag_cable_name =~ "Digilent Zybo Z7 210351A6B45BA" && level==0} -index 1' command is executed.
16:29:03 INFO  : 'fpga -state' command is executed.
16:29:03 INFO  : Connected to target on host '127.0.0.1' and port '3121'.
16:29:03 INFO  : Jtag cable 'Digilent Zybo Z7 210351A6B45BA' is selected.
16:29:03 INFO  : 'jtag frequency' command is executed.
16:29:03 INFO  : Sourcing of '/home/mehdi/VivadoDesignSuite/Vivado/zNetVision/zNetVision.sdk/Design_01_wrapper_hw_platform_0/ps7_init.tcl' is done.
16:29:03 INFO  : Context for 'APU' is selected.
16:29:04 INFO  : Hardware design information is loaded from '/home/mehdi/VivadoDesignSuite/Vivado/zNetVision/zNetVision.sdk/Design_01_wrapper_hw_platform_0/system.hdf'.
16:29:04 INFO  : 'configparams force-mem-access 1' command is executed.
16:29:04 INFO  : Context for 'APU' is selected.
16:29:04 INFO  : 'stop' command is executed.
16:29:04 INFO  : 'ps7_init' command is executed.
16:29:05 INFO  : 'ps7_post_config' command is executed.
16:29:05 INFO  : Context for processor 'ps7_cortexa9_0' is selected.
16:29:05 INFO  : Processor reset is completed for 'ps7_cortexa9_0'.
16:29:05 INFO  : Context for processor 'ps7_cortexa9_0' is selected.
16:29:05 INFO  : The application '/home/mehdi/VivadoDesignSuite/Vivado/zNetVision/zNetVision.sdk/zNetVision_SW_01/Debug/zNetVision_SW_01.elf' is downloaded to processor 'ps7_cortexa9_0'.
16:29:05 INFO  : 'configparams force-mem-access 0' command is executed.
16:29:05 INFO  : ----------------XSDB Script----------------
connect -url tcp:127.0.0.1:3121
source /home/mehdi/VivadoDesignSuite/Vivado/zNetVision/zNetVision.sdk/Design_01_wrapper_hw_platform_0/ps7_init.tcl
targets -set -nocase -filter {name =~"APU*" && jtag_cable_name =~ "Digilent Zybo Z7 210351A6B45BA"} -index 0
loadhw -hw /home/mehdi/VivadoDesignSuite/Vivado/zNetVision/zNetVision.sdk/Design_01_wrapper_hw_platform_0/system.hdf -mem-ranges [list {0x40000000 0xbfffffff}]
configparams force-mem-access 1
targets -set -nocase -filter {name =~"APU*" && jtag_cable_name =~ "Digilent Zybo Z7 210351A6B45BA"} -index 0
stop
ps7_init
ps7_post_config
targets -set -nocase -filter {name =~ "ARM*#0" && jtag_cable_name =~ "Digilent Zybo Z7 210351A6B45BA"} -index 0
rst -processor
targets -set -nocase -filter {name =~ "ARM*#0" && jtag_cable_name =~ "Digilent Zybo Z7 210351A6B45BA"} -index 0
dow /home/mehdi/VivadoDesignSuite/Vivado/zNetVision/zNetVision.sdk/zNetVision_SW_01/Debug/zNetVision_SW_01.elf
configparams force-mem-access 0
----------------End of Script----------------

16:29:05 INFO  : Memory regions updated for context APU
16:29:05 INFO  : Context for processor 'ps7_cortexa9_0' is selected.
16:29:05 INFO  : 'con' command is executed.
16:29:05 INFO  : ----------------XSDB Script (After Launch)----------------
targets -set -nocase -filter {name =~ "ARM*#0" && jtag_cable_name =~ "Digilent Zybo Z7 210351A6B45BA"} -index 0
con
----------------End of Script----------------

16:29:05 INFO  : Launch script is exported to file '/home/mehdi/VivadoDesignSuite/Vivado/zNetVision/zNetVision.sdk/.sdk/launch_scripts/xilinx_c-c++_application_(system_debugger)/system_debugger_using_debug_znetvision_sw_01.elf_on_local.tcl'
16:34:57 INFO  : Disconnected from the channel tcfchan#4.
16:34:58 INFO  : 'targets -set -filter {jtag_cable_name =~ "Digilent Zybo Z7 210351A6B45BA" && level==0} -index 1' command is executed.
16:34:58 INFO  : 'fpga -state' command is executed.
16:34:58 INFO  : Connected to target on host '127.0.0.1' and port '3121'.
16:34:58 INFO  : Jtag cable 'Digilent Zybo Z7 210351A6B45BA' is selected.
16:34:58 INFO  : 'jtag frequency' command is executed.
16:34:58 INFO  : Sourcing of '/home/mehdi/VivadoDesignSuite/Vivado/zNetVision/zNetVision.sdk/Design_01_wrapper_hw_platform_0/ps7_init.tcl' is done.
16:34:58 INFO  : Context for 'APU' is selected.
16:34:59 INFO  : Hardware design information is loaded from '/home/mehdi/VivadoDesignSuite/Vivado/zNetVision/zNetVision.sdk/Design_01_wrapper_hw_platform_0/system.hdf'.
16:34:59 INFO  : 'configparams force-mem-access 1' command is executed.
16:34:59 INFO  : Context for 'APU' is selected.
16:34:59 INFO  : 'stop' command is executed.
16:34:59 INFO  : 'ps7_init' command is executed.
16:34:59 INFO  : 'ps7_post_config' command is executed.
16:34:59 INFO  : Context for processor 'ps7_cortexa9_0' is selected.
16:34:59 INFO  : Processor reset is completed for 'ps7_cortexa9_0'.
16:34:59 INFO  : Context for processor 'ps7_cortexa9_0' is selected.
16:34:59 INFO  : The application '/home/mehdi/VivadoDesignSuite/Vivado/zNetVision/zNetVision.sdk/zNetVision_SW_01/Debug/zNetVision_SW_01.elf' is downloaded to processor 'ps7_cortexa9_0'.
16:34:59 INFO  : 'configparams force-mem-access 0' command is executed.
16:34:59 INFO  : ----------------XSDB Script----------------
connect -url tcp:127.0.0.1:3121
source /home/mehdi/VivadoDesignSuite/Vivado/zNetVision/zNetVision.sdk/Design_01_wrapper_hw_platform_0/ps7_init.tcl
targets -set -nocase -filter {name =~"APU*" && jtag_cable_name =~ "Digilent Zybo Z7 210351A6B45BA"} -index 0
loadhw -hw /home/mehdi/VivadoDesignSuite/Vivado/zNetVision/zNetVision.sdk/Design_01_wrapper_hw_platform_0/system.hdf -mem-ranges [list {0x40000000 0xbfffffff}]
configparams force-mem-access 1
targets -set -nocase -filter {name =~"APU*" && jtag_cable_name =~ "Digilent Zybo Z7 210351A6B45BA"} -index 0
stop
ps7_init
ps7_post_config
targets -set -nocase -filter {name =~ "ARM*#0" && jtag_cable_name =~ "Digilent Zybo Z7 210351A6B45BA"} -index 0
rst -processor
targets -set -nocase -filter {name =~ "ARM*#0" && jtag_cable_name =~ "Digilent Zybo Z7 210351A6B45BA"} -index 0
dow /home/mehdi/VivadoDesignSuite/Vivado/zNetVision/zNetVision.sdk/zNetVision_SW_01/Debug/zNetVision_SW_01.elf
configparams force-mem-access 0
----------------End of Script----------------

16:34:59 INFO  : Memory regions updated for context APU
16:35:00 INFO  : Context for processor 'ps7_cortexa9_0' is selected.
16:35:00 INFO  : 'con' command is executed.
16:35:00 INFO  : ----------------XSDB Script (After Launch)----------------
targets -set -nocase -filter {name =~ "ARM*#0" && jtag_cable_name =~ "Digilent Zybo Z7 210351A6B45BA"} -index 0
con
----------------End of Script----------------

16:35:00 INFO  : Launch script is exported to file '/home/mehdi/VivadoDesignSuite/Vivado/zNetVision/zNetVision.sdk/.sdk/launch_scripts/xilinx_c-c++_application_(system_debugger)/system_debugger_using_debug_znetvision_sw_01.elf_on_local.tcl'
16:36:34 INFO  : Disconnected from the channel tcfchan#5.
16:36:35 INFO  : 'targets -set -filter {jtag_cable_name =~ "Digilent Zybo Z7 210351A6B45BA" && level==0} -index 1' command is executed.
16:36:35 INFO  : 'fpga -state' command is executed.
16:36:42 INFO  : Memory regions updated for context APU
16:36:46 INFO  : Connected to target on host '127.0.0.1' and port '3121'.
16:36:46 INFO  : 'targets -set -filter {jtag_cable_name =~ "Digilent Zybo Z7 210351A6B45BA" && level==0} -index 1' command is executed.
16:36:49 INFO  : FPGA configured successfully with bitstream "/home/mehdi/VivadoDesignSuite/Vivado/zNetVision/zNetVision.sdk/Design_01_wrapper_hw_platform_0/Design_01_wrapper.bit"
16:36:58 INFO  : 'targets -set -filter {jtag_cable_name =~ "Digilent Zybo Z7 210351A6B45BA" && level==0} -index 1' command is executed.
16:36:58 INFO  : 'fpga -state' command is executed.
16:36:58 INFO  : Connected to target on host '127.0.0.1' and port '3121'.
16:36:58 INFO  : Jtag cable 'Digilent Zybo Z7 210351A6B45BA' is selected.
16:36:58 INFO  : 'jtag frequency' command is executed.
16:36:58 INFO  : Sourcing of '/home/mehdi/VivadoDesignSuite/Vivado/zNetVision/zNetVision.sdk/Design_01_wrapper_hw_platform_0/ps7_init.tcl' is done.
16:36:58 INFO  : Context for 'APU' is selected.
16:36:58 INFO  : Hardware design information is loaded from '/home/mehdi/VivadoDesignSuite/Vivado/zNetVision/zNetVision.sdk/Design_01_wrapper_hw_platform_0/system.hdf'.
16:36:58 INFO  : 'configparams force-mem-access 1' command is executed.
16:36:58 INFO  : Context for 'APU' is selected.
16:36:58 INFO  : 'stop' command is executed.
16:36:58 INFO  : 'ps7_init' command is executed.
16:36:58 INFO  : 'ps7_post_config' command is executed.
16:36:58 INFO  : Context for processor 'ps7_cortexa9_0' is selected.
16:36:58 INFO  : Processor reset is completed for 'ps7_cortexa9_0'.
16:36:59 INFO  : Context for processor 'ps7_cortexa9_0' is selected.
16:36:59 INFO  : The application '/home/mehdi/VivadoDesignSuite/Vivado/zNetVision/zNetVision.sdk/zNetVision_SW_01/Debug/zNetVision_SW_01.elf' is downloaded to processor 'ps7_cortexa9_0'.
16:36:59 INFO  : 'configparams force-mem-access 0' command is executed.
16:36:59 INFO  : ----------------XSDB Script----------------
connect -url tcp:127.0.0.1:3121
source /home/mehdi/VivadoDesignSuite/Vivado/zNetVision/zNetVision.sdk/Design_01_wrapper_hw_platform_0/ps7_init.tcl
targets -set -nocase -filter {name =~"APU*" && jtag_cable_name =~ "Digilent Zybo Z7 210351A6B45BA"} -index 0
loadhw -hw /home/mehdi/VivadoDesignSuite/Vivado/zNetVision/zNetVision.sdk/Design_01_wrapper_hw_platform_0/system.hdf -mem-ranges [list {0x40000000 0xbfffffff}]
configparams force-mem-access 1
targets -set -nocase -filter {name =~"APU*" && jtag_cable_name =~ "Digilent Zybo Z7 210351A6B45BA"} -index 0
stop
ps7_init
ps7_post_config
targets -set -nocase -filter {name =~ "ARM*#0" && jtag_cable_name =~ "Digilent Zybo Z7 210351A6B45BA"} -index 0
rst -processor
targets -set -nocase -filter {name =~ "ARM*#0" && jtag_cable_name =~ "Digilent Zybo Z7 210351A6B45BA"} -index 0
dow /home/mehdi/VivadoDesignSuite/Vivado/zNetVision/zNetVision.sdk/zNetVision_SW_01/Debug/zNetVision_SW_01.elf
configparams force-mem-access 0
----------------End of Script----------------

16:36:59 INFO  : Memory regions updated for context APU
16:36:59 INFO  : Context for processor 'ps7_cortexa9_0' is selected.
16:36:59 INFO  : 'con' command is executed.
16:36:59 INFO  : ----------------XSDB Script (After Launch)----------------
targets -set -nocase -filter {name =~ "ARM*#0" && jtag_cable_name =~ "Digilent Zybo Z7 210351A6B45BA"} -index 0
con
----------------End of Script----------------

16:36:59 INFO  : Launch script is exported to file '/home/mehdi/VivadoDesignSuite/Vivado/zNetVision/zNetVision.sdk/.sdk/launch_scripts/xilinx_c-c++_application_(system_debugger)/system_debugger_using_debug_znetvision_sw_01.elf_on_local.tcl'
16:41:27 INFO  : Disconnected from the channel tcfchan#6.
16:43:32 INFO  : Registering command handlers for SDK TCF services
16:43:33 INFO  : Launching XSCT server: xsct -n -interactive /home/mehdi/VivadoDesignSuite/Vivado/zNetVision/zNetVision.sdk/temp_xsdb_launch_script.tcl
16:43:34 INFO  : XSCT server has started successfully.
16:43:34 INFO  : Successfully done setting XSCT server connection channel  
16:43:34 INFO  : Successfully done setting SDK workspace  
16:43:34 INFO  : Processing command line option -hwspec /home/mehdi/VivadoDesignSuite/Vivado/zNetVision/zNetVision.sdk/Design_01_wrapper.hdf.
16:43:34 INFO  : Checking for hwspec changes in the project Design_01_wrapper_hw_platform_0.
16:43:58 INFO  : Connected to target on host '127.0.0.1' and port '3121'.
16:43:58 INFO  : 'targets -set -filter {jtag_cable_name =~ "Digilent Zybo Z7 210351A6B45BA" && level==0} -index 1' command is executed.
16:44:01 INFO  : FPGA configured successfully with bitstream "/home/mehdi/VivadoDesignSuite/Vivado/zNetVision/zNetVision.sdk/Design_01_wrapper_hw_platform_0/Design_01_wrapper.bit"
16:44:11 INFO  : 'targets -set -filter {jtag_cable_name =~ "Digilent Zybo Z7 210351A6B45BA" && level==0} -index 1' command is executed.
16:44:11 INFO  : 'fpga -state' command is executed.
16:44:11 INFO  : Connected to target on host '127.0.0.1' and port '3121'.
16:44:11 INFO  : Jtag cable 'Digilent Zybo Z7 210351A6B45BA' is selected.
16:44:11 INFO  : 'jtag frequency' command is executed.
16:44:11 INFO  : Sourcing of '/home/mehdi/VivadoDesignSuite/Vivado/zNetVision/zNetVision.sdk/Design_01_wrapper_hw_platform_0/ps7_init.tcl' is done.
16:44:11 INFO  : Context for 'APU' is selected.
16:44:11 INFO  : Hardware design information is loaded from '/home/mehdi/VivadoDesignSuite/Vivado/zNetVision/zNetVision.sdk/Design_01_wrapper_hw_platform_0/system.hdf'.
16:44:11 INFO  : 'configparams force-mem-access 1' command is executed.
16:44:11 INFO  : Context for 'APU' is selected.
16:44:11 INFO  : 'stop' command is executed.
16:44:12 INFO  : 'ps7_init' command is executed.
16:44:12 INFO  : 'ps7_post_config' command is executed.
16:44:12 INFO  : Context for processor 'ps7_cortexa9_0' is selected.
16:44:12 INFO  : Processor reset is completed for 'ps7_cortexa9_0'.
16:44:12 INFO  : Context for processor 'ps7_cortexa9_0' is selected.
16:44:12 INFO  : The application '/home/mehdi/VivadoDesignSuite/Vivado/zNetVision/zNetVision.sdk/zNetVision_SW_01/Debug/zNetVision_SW_01.elf' is downloaded to processor 'ps7_cortexa9_0'.
16:44:12 INFO  : 'configparams force-mem-access 0' command is executed.
16:44:12 INFO  : ----------------XSDB Script----------------
connect -url tcp:127.0.0.1:3121
source /home/mehdi/VivadoDesignSuite/Vivado/zNetVision/zNetVision.sdk/Design_01_wrapper_hw_platform_0/ps7_init.tcl
targets -set -nocase -filter {name =~"APU*" && jtag_cable_name =~ "Digilent Zybo Z7 210351A6B45BA"} -index 0
loadhw -hw /home/mehdi/VivadoDesignSuite/Vivado/zNetVision/zNetVision.sdk/Design_01_wrapper_hw_platform_0/system.hdf -mem-ranges [list {0x40000000 0xbfffffff}]
configparams force-mem-access 1
targets -set -nocase -filter {name =~"APU*" && jtag_cable_name =~ "Digilent Zybo Z7 210351A6B45BA"} -index 0
stop
ps7_init
ps7_post_config
targets -set -nocase -filter {name =~ "ARM*#0" && jtag_cable_name =~ "Digilent Zybo Z7 210351A6B45BA"} -index 0
rst -processor
targets -set -nocase -filter {name =~ "ARM*#0" && jtag_cable_name =~ "Digilent Zybo Z7 210351A6B45BA"} -index 0
dow /home/mehdi/VivadoDesignSuite/Vivado/zNetVision/zNetVision.sdk/zNetVision_SW_01/Debug/zNetVision_SW_01.elf
configparams force-mem-access 0
----------------End of Script----------------

16:44:12 INFO  : Memory regions updated for context APU
16:44:12 INFO  : Context for processor 'ps7_cortexa9_0' is selected.
16:44:12 INFO  : 'con' command is executed.
16:44:12 INFO  : ----------------XSDB Script (After Launch)----------------
targets -set -nocase -filter {name =~ "ARM*#0" && jtag_cable_name =~ "Digilent Zybo Z7 210351A6B45BA"} -index 0
con
----------------End of Script----------------

16:44:12 INFO  : Launch script is exported to file '/home/mehdi/VivadoDesignSuite/Vivado/zNetVision/zNetVision.sdk/.sdk/launch_scripts/xilinx_c-c++_application_(system_debugger)/system_debugger_using_debug_znetvision_sw_01.elf_on_local.tcl'
16:48:04 INFO  : Disconnected from the channel tcfchan#1.
16:48:05 INFO  : 'targets -set -filter {jtag_cable_name =~ "Digilent Zybo Z7 210351A6B45BA" && level==0} -index 1' command is executed.
16:48:05 INFO  : 'fpga -state' command is executed.
16:48:10 INFO  : Memory regions updated for context APU
16:48:17 INFO  : Connected to target on host '127.0.0.1' and port '3121'.
16:48:17 INFO  : 'targets -set -filter {jtag_cable_name =~ "Digilent Zybo Z7 210351A6B45BA" && level==0} -index 1' command is executed.
16:48:19 INFO  : FPGA configured successfully with bitstream "/home/mehdi/VivadoDesignSuite/Vivado/zNetVision/zNetVision.sdk/Design_01_wrapper_hw_platform_0/Design_01_wrapper.bit"
16:48:25 INFO  : 'targets -set -filter {jtag_cable_name =~ "Digilent Zybo Z7 210351A6B45BA" && level==0} -index 1' command is executed.
16:48:25 INFO  : 'fpga -state' command is executed.
16:48:25 INFO  : Connected to target on host '127.0.0.1' and port '3121'.
16:48:25 INFO  : Jtag cable 'Digilent Zybo Z7 210351A6B45BA' is selected.
16:48:25 INFO  : 'jtag frequency' command is executed.
16:48:25 INFO  : Sourcing of '/home/mehdi/VivadoDesignSuite/Vivado/zNetVision/zNetVision.sdk/Design_01_wrapper_hw_platform_0/ps7_init.tcl' is done.
16:48:25 INFO  : Context for 'APU' is selected.
16:48:25 INFO  : Hardware design information is loaded from '/home/mehdi/VivadoDesignSuite/Vivado/zNetVision/zNetVision.sdk/Design_01_wrapper_hw_platform_0/system.hdf'.
16:48:25 INFO  : 'configparams force-mem-access 1' command is executed.
16:48:25 INFO  : Context for 'APU' is selected.
16:48:25 INFO  : 'stop' command is executed.
16:48:25 INFO  : 'ps7_init' command is executed.
16:48:25 INFO  : 'ps7_post_config' command is executed.
16:48:25 INFO  : Context for processor 'ps7_cortexa9_0' is selected.
16:48:25 INFO  : Processor reset is completed for 'ps7_cortexa9_0'.
16:48:25 INFO  : Context for processor 'ps7_cortexa9_0' is selected.
16:48:25 INFO  : The application '/home/mehdi/VivadoDesignSuite/Vivado/zNetVision/zNetVision.sdk/zNetVision_SW_01/Debug/zNetVision_SW_01.elf' is downloaded to processor 'ps7_cortexa9_0'.
16:48:25 INFO  : 'configparams force-mem-access 0' command is executed.
16:48:25 INFO  : ----------------XSDB Script----------------
connect -url tcp:127.0.0.1:3121
source /home/mehdi/VivadoDesignSuite/Vivado/zNetVision/zNetVision.sdk/Design_01_wrapper_hw_platform_0/ps7_init.tcl
targets -set -nocase -filter {name =~"APU*" && jtag_cable_name =~ "Digilent Zybo Z7 210351A6B45BA"} -index 0
loadhw -hw /home/mehdi/VivadoDesignSuite/Vivado/zNetVision/zNetVision.sdk/Design_01_wrapper_hw_platform_0/system.hdf -mem-ranges [list {0x40000000 0xbfffffff}]
configparams force-mem-access 1
targets -set -nocase -filter {name =~"APU*" && jtag_cable_name =~ "Digilent Zybo Z7 210351A6B45BA"} -index 0
stop
ps7_init
ps7_post_config
targets -set -nocase -filter {name =~ "ARM*#0" && jtag_cable_name =~ "Digilent Zybo Z7 210351A6B45BA"} -index 0
rst -processor
targets -set -nocase -filter {name =~ "ARM*#0" && jtag_cable_name =~ "Digilent Zybo Z7 210351A6B45BA"} -index 0
dow /home/mehdi/VivadoDesignSuite/Vivado/zNetVision/zNetVision.sdk/zNetVision_SW_01/Debug/zNetVision_SW_01.elf
configparams force-mem-access 0
----------------End of Script----------------

16:48:25 INFO  : Memory regions updated for context APU
16:48:26 INFO  : Context for processor 'ps7_cortexa9_0' is selected.
16:48:26 INFO  : 'con' command is executed.
16:48:26 INFO  : ----------------XSDB Script (After Launch)----------------
targets -set -nocase -filter {name =~ "ARM*#0" && jtag_cable_name =~ "Digilent Zybo Z7 210351A6B45BA"} -index 0
con
----------------End of Script----------------

16:48:26 INFO  : Launch script is exported to file '/home/mehdi/VivadoDesignSuite/Vivado/zNetVision/zNetVision.sdk/.sdk/launch_scripts/xilinx_c-c++_application_(system_debugger)/system_debugger_using_debug_znetvision_sw_01.elf_on_local.tcl'
16:49:30 INFO  : Disconnected from the channel tcfchan#2.
16:49:31 INFO  : 'targets -set -filter {jtag_cable_name =~ "Digilent Zybo Z7 210351A6B45BA" && level==0} -index 1' command is executed.
16:49:31 INFO  : 'fpga -state' command is executed.
16:49:31 INFO  : Connected to target on host '127.0.0.1' and port '3121'.
16:49:31 INFO  : Jtag cable 'Digilent Zybo Z7 210351A6B45BA' is selected.
16:49:31 INFO  : 'jtag frequency' command is executed.
16:49:31 INFO  : Sourcing of '/home/mehdi/VivadoDesignSuite/Vivado/zNetVision/zNetVision.sdk/Design_01_wrapper_hw_platform_0/ps7_init.tcl' is done.
16:49:32 INFO  : Context for 'APU' is selected.
16:49:32 INFO  : Hardware design information is loaded from '/home/mehdi/VivadoDesignSuite/Vivado/zNetVision/zNetVision.sdk/Design_01_wrapper_hw_platform_0/system.hdf'.
16:49:32 INFO  : 'configparams force-mem-access 1' command is executed.
16:49:32 INFO  : Context for 'APU' is selected.
16:49:32 INFO  : 'stop' command is executed.
16:49:33 INFO  : 'ps7_init' command is executed.
16:49:33 INFO  : 'ps7_post_config' command is executed.
16:49:33 INFO  : Context for processor 'ps7_cortexa9_0' is selected.
16:49:33 INFO  : Processor reset is completed for 'ps7_cortexa9_0'.
16:49:33 INFO  : Context for processor 'ps7_cortexa9_0' is selected.
16:49:33 INFO  : The application '/home/mehdi/VivadoDesignSuite/Vivado/zNetVision/zNetVision.sdk/zNetVision_SW_01/Debug/zNetVision_SW_01.elf' is downloaded to processor 'ps7_cortexa9_0'.
16:49:33 INFO  : 'configparams force-mem-access 0' command is executed.
16:49:33 INFO  : ----------------XSDB Script----------------
connect -url tcp:127.0.0.1:3121
source /home/mehdi/VivadoDesignSuite/Vivado/zNetVision/zNetVision.sdk/Design_01_wrapper_hw_platform_0/ps7_init.tcl
targets -set -nocase -filter {name =~"APU*" && jtag_cable_name =~ "Digilent Zybo Z7 210351A6B45BA"} -index 0
loadhw -hw /home/mehdi/VivadoDesignSuite/Vivado/zNetVision/zNetVision.sdk/Design_01_wrapper_hw_platform_0/system.hdf -mem-ranges [list {0x40000000 0xbfffffff}]
configparams force-mem-access 1
targets -set -nocase -filter {name =~"APU*" && jtag_cable_name =~ "Digilent Zybo Z7 210351A6B45BA"} -index 0
stop
ps7_init
ps7_post_config
targets -set -nocase -filter {name =~ "ARM*#0" && jtag_cable_name =~ "Digilent Zybo Z7 210351A6B45BA"} -index 0
rst -processor
targets -set -nocase -filter {name =~ "ARM*#0" && jtag_cable_name =~ "Digilent Zybo Z7 210351A6B45BA"} -index 0
dow /home/mehdi/VivadoDesignSuite/Vivado/zNetVision/zNetVision.sdk/zNetVision_SW_01/Debug/zNetVision_SW_01.elf
configparams force-mem-access 0
----------------End of Script----------------

16:49:33 INFO  : Memory regions updated for context APU
16:49:33 INFO  : Context for processor 'ps7_cortexa9_0' is selected.
16:49:33 INFO  : 'con' command is executed.
16:49:33 INFO  : ----------------XSDB Script (After Launch)----------------
targets -set -nocase -filter {name =~ "ARM*#0" && jtag_cable_name =~ "Digilent Zybo Z7 210351A6B45BA"} -index 0
con
----------------End of Script----------------

16:49:33 INFO  : Launch script is exported to file '/home/mehdi/VivadoDesignSuite/Vivado/zNetVision/zNetVision.sdk/.sdk/launch_scripts/xilinx_c-c++_application_(system_debugger)/system_debugger_using_debug_znetvision_sw_01.elf_on_local.tcl'
17:16:11 INFO  : Disconnected from the channel tcfchan#3.
17:16:12 INFO  : 'targets -set -filter {jtag_cable_name =~ "Digilent Zybo Z7 210351A6B45BA" && level==0} -index 1' command is executed.
17:16:12 INFO  : 'fpga -state' command is executed.
17:16:12 INFO  : Connected to target on host '127.0.0.1' and port '3121'.
17:16:12 INFO  : Jtag cable 'Digilent Zybo Z7 210351A6B45BA' is selected.
17:16:12 INFO  : 'jtag frequency' command is executed.
17:16:12 INFO  : Sourcing of '/home/mehdi/VivadoDesignSuite/Vivado/zNetVision/zNetVision.sdk/Design_01_wrapper_hw_platform_0/ps7_init.tcl' is done.
17:16:12 INFO  : Context for 'APU' is selected.
17:16:13 INFO  : Hardware design information is loaded from '/home/mehdi/VivadoDesignSuite/Vivado/zNetVision/zNetVision.sdk/Design_01_wrapper_hw_platform_0/system.hdf'.
17:16:13 INFO  : 'configparams force-mem-access 1' command is executed.
17:16:13 INFO  : Context for 'APU' is selected.
17:16:13 INFO  : 'stop' command is executed.
17:16:14 INFO  : 'ps7_init' command is executed.
17:16:14 INFO  : 'ps7_post_config' command is executed.
17:16:14 INFO  : Context for processor 'ps7_cortexa9_0' is selected.
17:16:14 INFO  : Processor reset is completed for 'ps7_cortexa9_0'.
17:16:14 INFO  : Context for processor 'ps7_cortexa9_0' is selected.
17:16:14 INFO  : The application '/home/mehdi/VivadoDesignSuite/Vivado/zNetVision/zNetVision.sdk/zNetVision_SW_01/Debug/zNetVision_SW_01.elf' is downloaded to processor 'ps7_cortexa9_0'.
17:16:14 INFO  : 'configparams force-mem-access 0' command is executed.
17:16:14 INFO  : ----------------XSDB Script----------------
connect -url tcp:127.0.0.1:3121
source /home/mehdi/VivadoDesignSuite/Vivado/zNetVision/zNetVision.sdk/Design_01_wrapper_hw_platform_0/ps7_init.tcl
targets -set -nocase -filter {name =~"APU*" && jtag_cable_name =~ "Digilent Zybo Z7 210351A6B45BA"} -index 0
loadhw -hw /home/mehdi/VivadoDesignSuite/Vivado/zNetVision/zNetVision.sdk/Design_01_wrapper_hw_platform_0/system.hdf -mem-ranges [list {0x40000000 0xbfffffff}]
configparams force-mem-access 1
targets -set -nocase -filter {name =~"APU*" && jtag_cable_name =~ "Digilent Zybo Z7 210351A6B45BA"} -index 0
stop
ps7_init
ps7_post_config
targets -set -nocase -filter {name =~ "ARM*#0" && jtag_cable_name =~ "Digilent Zybo Z7 210351A6B45BA"} -index 0
rst -processor
targets -set -nocase -filter {name =~ "ARM*#0" && jtag_cable_name =~ "Digilent Zybo Z7 210351A6B45BA"} -index 0
dow /home/mehdi/VivadoDesignSuite/Vivado/zNetVision/zNetVision.sdk/zNetVision_SW_01/Debug/zNetVision_SW_01.elf
configparams force-mem-access 0
----------------End of Script----------------

17:16:14 INFO  : Memory regions updated for context APU
17:16:14 INFO  : Context for processor 'ps7_cortexa9_0' is selected.
17:16:14 INFO  : 'con' command is executed.
17:16:14 INFO  : ----------------XSDB Script (After Launch)----------------
targets -set -nocase -filter {name =~ "ARM*#0" && jtag_cable_name =~ "Digilent Zybo Z7 210351A6B45BA"} -index 0
con
----------------End of Script----------------

17:16:14 INFO  : Launch script is exported to file '/home/mehdi/VivadoDesignSuite/Vivado/zNetVision/zNetVision.sdk/.sdk/launch_scripts/xilinx_c-c++_application_(system_debugger)/system_debugger_using_debug_znetvision_sw_01.elf_on_local.tcl'
17:17:07 INFO  : Disconnected from the channel tcfchan#4.
17:17:08 INFO  : 'targets -set -filter {jtag_cable_name =~ "Digilent Zybo Z7 210351A6B45BA" && level==0} -index 1' command is executed.
17:17:08 INFO  : 'fpga -state' command is executed.
17:17:08 INFO  : Connected to target on host '127.0.0.1' and port '3121'.
17:17:08 INFO  : Jtag cable 'Digilent Zybo Z7 210351A6B45BA' is selected.
17:17:08 INFO  : 'jtag frequency' command is executed.
17:17:08 INFO  : Sourcing of '/home/mehdi/VivadoDesignSuite/Vivado/zNetVision/zNetVision.sdk/Design_01_wrapper_hw_platform_0/ps7_init.tcl' is done.
17:17:08 INFO  : Context for 'APU' is selected.
17:17:09 INFO  : Hardware design information is loaded from '/home/mehdi/VivadoDesignSuite/Vivado/zNetVision/zNetVision.sdk/Design_01_wrapper_hw_platform_0/system.hdf'.
17:17:09 INFO  : 'configparams force-mem-access 1' command is executed.
17:17:09 INFO  : Context for 'APU' is selected.
17:17:09 INFO  : 'stop' command is executed.
17:17:09 INFO  : 'ps7_init' command is executed.
17:17:09 INFO  : 'ps7_post_config' command is executed.
17:17:09 INFO  : Context for processor 'ps7_cortexa9_0' is selected.
17:17:09 INFO  : Processor reset is completed for 'ps7_cortexa9_0'.
17:17:09 INFO  : Context for processor 'ps7_cortexa9_0' is selected.
17:17:10 INFO  : The application '/home/mehdi/VivadoDesignSuite/Vivado/zNetVision/zNetVision.sdk/zNetVision_SW_01/Debug/zNetVision_SW_01.elf' is downloaded to processor 'ps7_cortexa9_0'.
17:17:10 INFO  : 'configparams force-mem-access 0' command is executed.
17:17:10 INFO  : ----------------XSDB Script----------------
connect -url tcp:127.0.0.1:3121
source /home/mehdi/VivadoDesignSuite/Vivado/zNetVision/zNetVision.sdk/Design_01_wrapper_hw_platform_0/ps7_init.tcl
targets -set -nocase -filter {name =~"APU*" && jtag_cable_name =~ "Digilent Zybo Z7 210351A6B45BA"} -index 0
loadhw -hw /home/mehdi/VivadoDesignSuite/Vivado/zNetVision/zNetVision.sdk/Design_01_wrapper_hw_platform_0/system.hdf -mem-ranges [list {0x40000000 0xbfffffff}]
configparams force-mem-access 1
targets -set -nocase -filter {name =~"APU*" && jtag_cable_name =~ "Digilent Zybo Z7 210351A6B45BA"} -index 0
stop
ps7_init
ps7_post_config
targets -set -nocase -filter {name =~ "ARM*#0" && jtag_cable_name =~ "Digilent Zybo Z7 210351A6B45BA"} -index 0
rst -processor
targets -set -nocase -filter {name =~ "ARM*#0" && jtag_cable_name =~ "Digilent Zybo Z7 210351A6B45BA"} -index 0
dow /home/mehdi/VivadoDesignSuite/Vivado/zNetVision/zNetVision.sdk/zNetVision_SW_01/Debug/zNetVision_SW_01.elf
configparams force-mem-access 0
----------------End of Script----------------

17:17:10 INFO  : Memory regions updated for context APU
17:17:10 INFO  : Context for processor 'ps7_cortexa9_0' is selected.
17:17:10 INFO  : 'con' command is executed.
17:17:10 INFO  : ----------------XSDB Script (After Launch)----------------
targets -set -nocase -filter {name =~ "ARM*#0" && jtag_cable_name =~ "Digilent Zybo Z7 210351A6B45BA"} -index 0
con
----------------End of Script----------------

17:17:10 INFO  : Launch script is exported to file '/home/mehdi/VivadoDesignSuite/Vivado/zNetVision/zNetVision.sdk/.sdk/launch_scripts/xilinx_c-c++_application_(system_debugger)/system_debugger_using_debug_znetvision_sw_01.elf_on_local.tcl'
17:19:05 INFO  : Disconnected from the channel tcfchan#5.
17:19:06 INFO  : 'targets -set -filter {jtag_cable_name =~ "Digilent Zybo Z7 210351A6B45BA" && level==0} -index 1' command is executed.
17:19:06 INFO  : 'fpga -state' command is executed.
17:19:06 INFO  : Connected to target on host '127.0.0.1' and port '3121'.
17:19:06 INFO  : Jtag cable 'Digilent Zybo Z7 210351A6B45BA' is selected.
17:19:06 INFO  : 'jtag frequency' command is executed.
17:19:06 INFO  : Sourcing of '/home/mehdi/VivadoDesignSuite/Vivado/zNetVision/zNetVision.sdk/Design_01_wrapper_hw_platform_0/ps7_init.tcl' is done.
17:19:06 INFO  : Context for 'APU' is selected.
17:19:07 INFO  : Hardware design information is loaded from '/home/mehdi/VivadoDesignSuite/Vivado/zNetVision/zNetVision.sdk/Design_01_wrapper_hw_platform_0/system.hdf'.
17:19:07 INFO  : 'configparams force-mem-access 1' command is executed.
17:19:07 INFO  : Context for 'APU' is selected.
17:19:07 INFO  : 'stop' command is executed.
17:19:07 INFO  : 'ps7_init' command is executed.
17:19:07 INFO  : 'ps7_post_config' command is executed.
17:19:07 INFO  : Context for processor 'ps7_cortexa9_0' is selected.
17:19:07 INFO  : Processor reset is completed for 'ps7_cortexa9_0'.
17:19:07 INFO  : Context for processor 'ps7_cortexa9_0' is selected.
17:19:07 INFO  : The application '/home/mehdi/VivadoDesignSuite/Vivado/zNetVision/zNetVision.sdk/zNetVision_SW_01/Debug/zNetVision_SW_01.elf' is downloaded to processor 'ps7_cortexa9_0'.
17:19:08 INFO  : 'configparams force-mem-access 0' command is executed.
17:19:08 INFO  : ----------------XSDB Script----------------
connect -url tcp:127.0.0.1:3121
source /home/mehdi/VivadoDesignSuite/Vivado/zNetVision/zNetVision.sdk/Design_01_wrapper_hw_platform_0/ps7_init.tcl
targets -set -nocase -filter {name =~"APU*" && jtag_cable_name =~ "Digilent Zybo Z7 210351A6B45BA"} -index 0
loadhw -hw /home/mehdi/VivadoDesignSuite/Vivado/zNetVision/zNetVision.sdk/Design_01_wrapper_hw_platform_0/system.hdf -mem-ranges [list {0x40000000 0xbfffffff}]
configparams force-mem-access 1
targets -set -nocase -filter {name =~"APU*" && jtag_cable_name =~ "Digilent Zybo Z7 210351A6B45BA"} -index 0
stop
ps7_init
ps7_post_config
targets -set -nocase -filter {name =~ "ARM*#0" && jtag_cable_name =~ "Digilent Zybo Z7 210351A6B45BA"} -index 0
rst -processor
targets -set -nocase -filter {name =~ "ARM*#0" && jtag_cable_name =~ "Digilent Zybo Z7 210351A6B45BA"} -index 0
dow /home/mehdi/VivadoDesignSuite/Vivado/zNetVision/zNetVision.sdk/zNetVision_SW_01/Debug/zNetVision_SW_01.elf
configparams force-mem-access 0
----------------End of Script----------------

17:19:08 INFO  : Memory regions updated for context APU
17:19:08 INFO  : Context for processor 'ps7_cortexa9_0' is selected.
17:19:08 INFO  : 'con' command is executed.
17:19:08 INFO  : ----------------XSDB Script (After Launch)----------------
targets -set -nocase -filter {name =~ "ARM*#0" && jtag_cable_name =~ "Digilent Zybo Z7 210351A6B45BA"} -index 0
con
----------------End of Script----------------

17:19:08 INFO  : Launch script is exported to file '/home/mehdi/VivadoDesignSuite/Vivado/zNetVision/zNetVision.sdk/.sdk/launch_scripts/xilinx_c-c++_application_(system_debugger)/system_debugger_using_debug_znetvision_sw_01.elf_on_local.tcl'
17:20:17 INFO  : Disconnected from the channel tcfchan#6.
17:20:18 INFO  : 'targets -set -filter {jtag_cable_name =~ "Digilent Zybo Z7 210351A6B45BA" && level==0} -index 1' command is executed.
17:20:18 INFO  : 'fpga -state' command is executed.
17:20:18 INFO  : Connected to target on host '127.0.0.1' and port '3121'.
17:20:18 INFO  : Jtag cable 'Digilent Zybo Z7 210351A6B45BA' is selected.
17:20:18 INFO  : 'jtag frequency' command is executed.
17:20:18 INFO  : Sourcing of '/home/mehdi/VivadoDesignSuite/Vivado/zNetVision/zNetVision.sdk/Design_01_wrapper_hw_platform_0/ps7_init.tcl' is done.
17:20:18 INFO  : Context for 'APU' is selected.
17:20:19 INFO  : Hardware design information is loaded from '/home/mehdi/VivadoDesignSuite/Vivado/zNetVision/zNetVision.sdk/Design_01_wrapper_hw_platform_0/system.hdf'.
17:20:19 INFO  : 'configparams force-mem-access 1' command is executed.
17:20:19 INFO  : Context for 'APU' is selected.
17:20:19 INFO  : 'stop' command is executed.
17:20:20 INFO  : 'ps7_init' command is executed.
17:20:20 INFO  : 'ps7_post_config' command is executed.
17:20:20 INFO  : Context for processor 'ps7_cortexa9_0' is selected.
17:20:20 INFO  : Processor reset is completed for 'ps7_cortexa9_0'.
17:20:20 INFO  : Context for processor 'ps7_cortexa9_0' is selected.
17:20:20 INFO  : The application '/home/mehdi/VivadoDesignSuite/Vivado/zNetVision/zNetVision.sdk/zNetVision_SW_01/Debug/zNetVision_SW_01.elf' is downloaded to processor 'ps7_cortexa9_0'.
17:20:20 INFO  : 'configparams force-mem-access 0' command is executed.
17:20:20 INFO  : ----------------XSDB Script----------------
connect -url tcp:127.0.0.1:3121
source /home/mehdi/VivadoDesignSuite/Vivado/zNetVision/zNetVision.sdk/Design_01_wrapper_hw_platform_0/ps7_init.tcl
targets -set -nocase -filter {name =~"APU*" && jtag_cable_name =~ "Digilent Zybo Z7 210351A6B45BA"} -index 0
loadhw -hw /home/mehdi/VivadoDesignSuite/Vivado/zNetVision/zNetVision.sdk/Design_01_wrapper_hw_platform_0/system.hdf -mem-ranges [list {0x40000000 0xbfffffff}]
configparams force-mem-access 1
targets -set -nocase -filter {name =~"APU*" && jtag_cable_name =~ "Digilent Zybo Z7 210351A6B45BA"} -index 0
stop
ps7_init
ps7_post_config
targets -set -nocase -filter {name =~ "ARM*#0" && jtag_cable_name =~ "Digilent Zybo Z7 210351A6B45BA"} -index 0
rst -processor
targets -set -nocase -filter {name =~ "ARM*#0" && jtag_cable_name =~ "Digilent Zybo Z7 210351A6B45BA"} -index 0
dow /home/mehdi/VivadoDesignSuite/Vivado/zNetVision/zNetVision.sdk/zNetVision_SW_01/Debug/zNetVision_SW_01.elf
configparams force-mem-access 0
----------------End of Script----------------

17:20:20 INFO  : Memory regions updated for context APU
17:20:20 INFO  : Context for processor 'ps7_cortexa9_0' is selected.
17:20:20 INFO  : 'con' command is executed.
17:20:20 INFO  : ----------------XSDB Script (After Launch)----------------
targets -set -nocase -filter {name =~ "ARM*#0" && jtag_cable_name =~ "Digilent Zybo Z7 210351A6B45BA"} -index 0
con
----------------End of Script----------------

17:20:20 INFO  : Launch script is exported to file '/home/mehdi/VivadoDesignSuite/Vivado/zNetVision/zNetVision.sdk/.sdk/launch_scripts/xilinx_c-c++_application_(system_debugger)/system_debugger_using_debug_znetvision_sw_01.elf_on_local.tcl'
17:22:51 INFO  : Disconnected from the channel tcfchan#7.
17:22:52 INFO  : 'targets -set -filter {jtag_cable_name =~ "Digilent Zybo Z7 210351A6B45BA" && level==0} -index 1' command is executed.
17:22:52 INFO  : 'fpga -state' command is executed.
17:22:52 INFO  : Connected to target on host '127.0.0.1' and port '3121'.
17:22:53 INFO  : Jtag cable 'Digilent Zybo Z7 210351A6B45BA' is selected.
17:22:53 INFO  : 'jtag frequency' command is executed.
17:22:53 INFO  : Sourcing of '/home/mehdi/VivadoDesignSuite/Vivado/zNetVision/zNetVision.sdk/Design_01_wrapper_hw_platform_0/ps7_init.tcl' is done.
17:22:53 INFO  : Context for 'APU' is selected.
17:22:53 INFO  : Hardware design information is loaded from '/home/mehdi/VivadoDesignSuite/Vivado/zNetVision/zNetVision.sdk/Design_01_wrapper_hw_platform_0/system.hdf'.
17:22:53 INFO  : 'configparams force-mem-access 1' command is executed.
17:22:53 INFO  : Context for 'APU' is selected.
17:22:53 INFO  : 'stop' command is executed.
17:22:54 INFO  : 'ps7_init' command is executed.
17:22:54 INFO  : 'ps7_post_config' command is executed.
17:22:54 INFO  : Context for processor 'ps7_cortexa9_0' is selected.
17:22:54 INFO  : Processor reset is completed for 'ps7_cortexa9_0'.
17:22:54 INFO  : Context for processor 'ps7_cortexa9_0' is selected.
17:22:54 INFO  : The application '/home/mehdi/VivadoDesignSuite/Vivado/zNetVision/zNetVision.sdk/zNetVision_SW_01/Debug/zNetVision_SW_01.elf' is downloaded to processor 'ps7_cortexa9_0'.
17:22:54 INFO  : 'configparams force-mem-access 0' command is executed.
17:22:54 INFO  : ----------------XSDB Script----------------
connect -url tcp:127.0.0.1:3121
source /home/mehdi/VivadoDesignSuite/Vivado/zNetVision/zNetVision.sdk/Design_01_wrapper_hw_platform_0/ps7_init.tcl
targets -set -nocase -filter {name =~"APU*" && jtag_cable_name =~ "Digilent Zybo Z7 210351A6B45BA"} -index 0
loadhw -hw /home/mehdi/VivadoDesignSuite/Vivado/zNetVision/zNetVision.sdk/Design_01_wrapper_hw_platform_0/system.hdf -mem-ranges [list {0x40000000 0xbfffffff}]
configparams force-mem-access 1
targets -set -nocase -filter {name =~"APU*" && jtag_cable_name =~ "Digilent Zybo Z7 210351A6B45BA"} -index 0
stop
ps7_init
ps7_post_config
targets -set -nocase -filter {name =~ "ARM*#0" && jtag_cable_name =~ "Digilent Zybo Z7 210351A6B45BA"} -index 0
rst -processor
targets -set -nocase -filter {name =~ "ARM*#0" && jtag_cable_name =~ "Digilent Zybo Z7 210351A6B45BA"} -index 0
dow /home/mehdi/VivadoDesignSuite/Vivado/zNetVision/zNetVision.sdk/zNetVision_SW_01/Debug/zNetVision_SW_01.elf
configparams force-mem-access 0
----------------End of Script----------------

17:22:54 INFO  : Memory regions updated for context APU
17:22:54 INFO  : Context for processor 'ps7_cortexa9_0' is selected.
17:22:54 INFO  : 'con' command is executed.
17:22:54 INFO  : ----------------XSDB Script (After Launch)----------------
targets -set -nocase -filter {name =~ "ARM*#0" && jtag_cable_name =~ "Digilent Zybo Z7 210351A6B45BA"} -index 0
con
----------------End of Script----------------

17:22:54 INFO  : Launch script is exported to file '/home/mehdi/VivadoDesignSuite/Vivado/zNetVision/zNetVision.sdk/.sdk/launch_scripts/xilinx_c-c++_application_(system_debugger)/system_debugger_using_debug_znetvision_sw_01.elf_on_local.tcl'
17:24:14 INFO  : Disconnected from the channel tcfchan#8.
17:26:10 INFO  : 'targets -set -filter {jtag_cable_name =~ "Digilent Zybo Z7 210351A6B45BA" && level==0} -index 1' command is executed.
17:26:10 INFO  : 'fpga -state' command is executed.
17:26:10 INFO  : Connected to target on host '127.0.0.1' and port '3121'.
17:26:10 INFO  : Jtag cable 'Digilent Zybo Z7 210351A6B45BA' is selected.
17:26:10 INFO  : 'jtag frequency' command is executed.
17:26:10 INFO  : Sourcing of '/home/mehdi/VivadoDesignSuite/Vivado/zNetVision/zNetVision.sdk/Design_01_wrapper_hw_platform_0/ps7_init.tcl' is done.
17:26:10 INFO  : Context for 'APU' is selected.
17:26:11 INFO  : Hardware design information is loaded from '/home/mehdi/VivadoDesignSuite/Vivado/zNetVision/zNetVision.sdk/Design_01_wrapper_hw_platform_0/system.hdf'.
17:26:11 INFO  : 'configparams force-mem-access 1' command is executed.
17:26:11 INFO  : Context for 'APU' is selected.
17:26:11 INFO  : 'stop' command is executed.
17:26:11 INFO  : 'ps7_init' command is executed.
17:26:11 INFO  : 'ps7_post_config' command is executed.
17:26:11 INFO  : Context for processor 'ps7_cortexa9_0' is selected.
17:26:11 INFO  : Processor reset is completed for 'ps7_cortexa9_0'.
17:26:11 INFO  : Context for processor 'ps7_cortexa9_0' is selected.
17:26:11 INFO  : The application '/home/mehdi/VivadoDesignSuite/Vivado/zNetVision/zNetVision.sdk/zNetVision_SW_01/Debug/zNetVision_SW_01.elf' is downloaded to processor 'ps7_cortexa9_0'.
17:26:11 INFO  : 'configparams force-mem-access 0' command is executed.
17:26:11 INFO  : ----------------XSDB Script----------------
connect -url tcp:127.0.0.1:3121
source /home/mehdi/VivadoDesignSuite/Vivado/zNetVision/zNetVision.sdk/Design_01_wrapper_hw_platform_0/ps7_init.tcl
targets -set -nocase -filter {name =~"APU*" && jtag_cable_name =~ "Digilent Zybo Z7 210351A6B45BA"} -index 0
loadhw -hw /home/mehdi/VivadoDesignSuite/Vivado/zNetVision/zNetVision.sdk/Design_01_wrapper_hw_platform_0/system.hdf -mem-ranges [list {0x40000000 0xbfffffff}]
configparams force-mem-access 1
targets -set -nocase -filter {name =~"APU*" && jtag_cable_name =~ "Digilent Zybo Z7 210351A6B45BA"} -index 0
stop
ps7_init
ps7_post_config
targets -set -nocase -filter {name =~ "ARM*#0" && jtag_cable_name =~ "Digilent Zybo Z7 210351A6B45BA"} -index 0
rst -processor
targets -set -nocase -filter {name =~ "ARM*#0" && jtag_cable_name =~ "Digilent Zybo Z7 210351A6B45BA"} -index 0
dow /home/mehdi/VivadoDesignSuite/Vivado/zNetVision/zNetVision.sdk/zNetVision_SW_01/Debug/zNetVision_SW_01.elf
configparams force-mem-access 0
----------------End of Script----------------

17:26:11 INFO  : Memory regions updated for context APU
17:26:11 INFO  : Context for processor 'ps7_cortexa9_0' is selected.
17:26:11 INFO  : 'con' command is executed.
17:26:11 INFO  : ----------------XSDB Script (After Launch)----------------
targets -set -nocase -filter {name =~ "ARM*#0" && jtag_cable_name =~ "Digilent Zybo Z7 210351A6B45BA"} -index 0
con
----------------End of Script----------------

17:26:11 INFO  : Launch script is exported to file '/home/mehdi/VivadoDesignSuite/Vivado/zNetVision/zNetVision.sdk/.sdk/launch_scripts/xilinx_c-c++_application_(system_debugger)/system_debugger_using_debug_znetvision_sw_01.elf_on_local.tcl'
12:39:48 INFO  : Disconnected from the channel tcfchan#9.
12:39:49 INFO  : 'targets -set -filter {jtag_cable_name =~ "Digilent Zybo Z7 210351A6B45BA" && level==0} -index 1' command is executed.
12:39:49 INFO  : 'fpga -state' command is executed.
12:39:49 INFO  : Connected to target on host '127.0.0.1' and port '3121'.
12:39:49 INFO  : Jtag cable 'Digilent Zybo Z7 210351A6B45BA' is selected.
12:39:49 INFO  : 'jtag frequency' command is executed.
12:39:49 INFO  : Sourcing of '/home/mehdi/VivadoDesignSuite/Vivado/zNetVision/zNetVision.sdk/Design_01_wrapper_hw_platform_0/ps7_init.tcl' is done.
12:39:49 INFO  : Context for 'APU' is selected.
12:39:50 INFO  : Hardware design information is loaded from '/home/mehdi/VivadoDesignSuite/Vivado/zNetVision/zNetVision.sdk/Design_01_wrapper_hw_platform_0/system.hdf'.
12:39:50 INFO  : 'configparams force-mem-access 1' command is executed.
12:39:50 INFO  : Context for 'APU' is selected.
12:39:50 INFO  : 'stop' command is executed.
12:39:51 INFO  : 'ps7_init' command is executed.
12:39:51 INFO  : 'ps7_post_config' command is executed.
12:39:51 INFO  : Context for processor 'ps7_cortexa9_0' is selected.
12:39:51 INFO  : Processor reset is completed for 'ps7_cortexa9_0'.
12:39:51 INFO  : Context for processor 'ps7_cortexa9_0' is selected.
12:39:52 INFO  : The application '/home/mehdi/VivadoDesignSuite/Vivado/zNetVision/zNetVision.sdk/zNetVision_SW_01/Debug/zNetVision_SW_01.elf' is downloaded to processor 'ps7_cortexa9_0'.
12:39:52 INFO  : 'configparams force-mem-access 0' command is executed.
12:39:52 INFO  : ----------------XSDB Script----------------
connect -url tcp:127.0.0.1:3121
source /home/mehdi/VivadoDesignSuite/Vivado/zNetVision/zNetVision.sdk/Design_01_wrapper_hw_platform_0/ps7_init.tcl
targets -set -nocase -filter {name =~"APU*" && jtag_cable_name =~ "Digilent Zybo Z7 210351A6B45BA"} -index 0
loadhw -hw /home/mehdi/VivadoDesignSuite/Vivado/zNetVision/zNetVision.sdk/Design_01_wrapper_hw_platform_0/system.hdf -mem-ranges [list {0x40000000 0xbfffffff}]
configparams force-mem-access 1
targets -set -nocase -filter {name =~"APU*" && jtag_cable_name =~ "Digilent Zybo Z7 210351A6B45BA"} -index 0
stop
ps7_init
ps7_post_config
targets -set -nocase -filter {name =~ "ARM*#0" && jtag_cable_name =~ "Digilent Zybo Z7 210351A6B45BA"} -index 0
rst -processor
targets -set -nocase -filter {name =~ "ARM*#0" && jtag_cable_name =~ "Digilent Zybo Z7 210351A6B45BA"} -index 0
dow /home/mehdi/VivadoDesignSuite/Vivado/zNetVision/zNetVision.sdk/zNetVision_SW_01/Debug/zNetVision_SW_01.elf
configparams force-mem-access 0
----------------End of Script----------------

12:39:52 INFO  : Memory regions updated for context APU
12:39:52 INFO  : Context for processor 'ps7_cortexa9_0' is selected.
12:39:52 INFO  : 'con' command is executed.
12:39:52 INFO  : ----------------XSDB Script (After Launch)----------------
targets -set -nocase -filter {name =~ "ARM*#0" && jtag_cable_name =~ "Digilent Zybo Z7 210351A6B45BA"} -index 0
con
----------------End of Script----------------

12:39:52 INFO  : Launch script is exported to file '/home/mehdi/VivadoDesignSuite/Vivado/zNetVision/zNetVision.sdk/.sdk/launch_scripts/xilinx_c-c++_application_(system_debugger)/system_debugger_using_debug_znetvision_sw_01.elf_on_local.tcl'
00:06:15 INFO  : Disconnected from the channel tcfchan#10.
