00:00:15 **** Clean-only build of configuration Debug for project zNetVision_SW_01 ****
make clean 
rm -rf  ./src/FreeRTOS_asm_vectors.o ./src/FreeRTOS_tick_config.o ./src/main.o ./src/platform.o  ./FreeRTOS/Source/portable/MemMang/heap_1.o  ./FreeRTOS/Source/portable/GCC/ARM_CA9/port.o ./FreeRTOS/Source/portable/GCC/ARM_CA9/portASM.o  ./FreeRTOS/Source/croutine.o ./FreeRTOS/Source/event_groups.o ./FreeRTOS/Source/list.o ./FreeRTOS/Source/queue.o ./FreeRTOS/Source/stream_buffer.o ./FreeRTOS/Source/tasks.o ./FreeRTOS/Source/timers.o  ./FreeRTOS-Plus/Source/FreeRTOS-Plus-TCP/portable/NetworkInterface/Zynq/NetworkInterface.o ./FreeRTOS-Plus/Source/FreeRTOS-Plus-TCP/portable/NetworkInterface/Zynq/uncached_memory.o ./FreeRTOS-Plus/Source/FreeRTOS-Plus-TCP/portable/NetworkInterface/Zynq/x_emacpsif_dma.o ./FreeRTOS-Plus/Source/FreeRTOS-Plus-TCP/portable/NetworkInterface/Zynq/x_emacpsif_hw.o ./FreeRTOS-Plus/Source/FreeRTOS-Plus-TCP/portable/NetworkInterface/Zynq/x_emacpsif_physpeed.o  ./FreeRTOS-Plus/Source/FreeRTOS-Plus-TCP/portable/NetworkInterface/Common/phyHandling.o  ./FreeRTOS-Plus/Source/FreeRTOS-Plus-TCP/portable/BufferManagement/BufferAllocation_1.o  ./FreeRTOS-Plus/Source/FreeRTOS-Plus-TCP/FreeRTOS_ARP.o ./FreeRTOS-Plus/Source/FreeRTOS-Plus-TCP/FreeRTOS_DHCP.o ./FreeRTOS-Plus/Source/FreeRTOS-Plus-TCP/FreeRTOS_DNS.o ./FreeRTOS-Plus/Source/FreeRTOS-Plus-TCP/FreeRTOS_IP.o ./FreeRTOS-Plus/Source/FreeRTOS-Plus-TCP/FreeRTOS_Sockets.o ./FreeRTOS-Plus/Source/FreeRTOS-Plus-TCP/FreeRTOS_Stream_Buffer.o ./FreeRTOS-Plus/Source/FreeRTOS-Plus-TCP/FreeRTOS_TCP_IP.o ./FreeRTOS-Plus/Source/FreeRTOS-Plus-TCP/FreeRTOS_TCP_WIN.o ./FreeRTOS-Plus/Source/FreeRTOS-Plus-TCP/FreeRTOS_UDP_IP.o  ./src/FreeRTOS_asm_vectors.d  ./FreeRTOS/Source/portable/GCC/ARM_CA9/portASM.d  ./src/FreeRTOS_tick_config.d ./src/main.d ./src/platform.d  ./FreeRTOS/Source/portable/MemMang/heap_1.d  ./FreeRTOS/Source/portable/GCC/ARM_CA9/port.d  ./FreeRTOS/Source/croutine.d ./FreeRTOS/Source/event_groups.d ./FreeRTOS/Source/list.d ./FreeRTOS/Source/queue.d ./FreeRTOS/Source/stream_buffer.d ./FreeRTOS/Source/tasks.d ./FreeRTOS/Source/timers.d  ./FreeRTOS-Plus/Source/FreeRTOS-Plus-TCP/portable/NetworkInterface/Zynq/NetworkInterface.d ./FreeRTOS-Plus/Source/FreeRTOS-Plus-TCP/portable/NetworkInterface/Zynq/uncached_memory.d ./FreeRTOS-Plus/Source/FreeRTOS-Plus-TCP/portable/NetworkInterface/Zynq/x_emacpsif_dma.d ./FreeRTOS-Plus/Source/FreeRTOS-Plus-TCP/portable/NetworkInterface/Zynq/x_emacpsif_hw.d ./FreeRTOS-Plus/Source/FreeRTOS-Plus-TCP/portable/NetworkInterface/Zynq/x_emacpsif_physpeed.d  ./FreeRTOS-Plus/Source/FreeRTOS-Plus-TCP/portable/NetworkInterface/Common/phyHandling.d  ./FreeRTOS-Plus/Source/FreeRTOS-Plus-TCP/portable/BufferManagement/BufferAllocation_1.d  ./FreeRTOS-Plus/Source/FreeRTOS-Plus-TCP/FreeRTOS_ARP.d ./FreeRTOS-Plus/Source/FreeRTOS-Plus-TCP/FreeRTOS_DHCP.d ./FreeRTOS-Plus/Source/FreeRTOS-Plus-TCP/FreeRTOS_DNS.d ./FreeRTOS-Plus/Source/FreeRTOS-Plus-TCP/FreeRTOS_IP.d ./FreeRTOS-Plus/Source/FreeRTOS-Plus-TCP/FreeRTOS_Sockets.d ./FreeRTOS-Plus/Source/FreeRTOS-Plus-TCP/FreeRTOS_Stream_Buffer.d ./FreeRTOS-Plus/Source/FreeRTOS-Plus-TCP/FreeRTOS_TCP_IP.d ./FreeRTOS-Plus/Source/FreeRTOS-Plus-TCP/FreeRTOS_TCP_WIN.d ./FreeRTOS-Plus/Source/FreeRTOS-Plus-TCP/FreeRTOS_UDP_IP.d  zNetVision_SW_01.elf.size  zNetVision_SW_01.elf
 
00:00:15 **** Clean-only build of project zNetVision_SW_01_bsp ****
make -k clean 
make -C ps7_cortexa9_0/libsrc/dmaps_v2_3/src -s clean 
make -C ps7_cortexa9_0/libsrc/ddrps_v1_0/src -s clean 
make -C ps7_cortexa9_0/libsrc/qspips_v3_4/src -s clean 
make -C ps7_cortexa9_0/libsrc/standalone_v6_7/src -s clean 
make -C ps7_cortexa9_0/libsrc/gpiops_v3_3/src -s clean 
make -C ps7_cortexa9_0/libsrc/emacps_v3_7/src -s clean 
make -C ps7_cortexa9_0/libsrc/scugic_v3_9/src -s clean 
make -C ps7_cortexa9_0/libsrc/uartps_v3_6/src -s clean 
make -C ps7_cortexa9_0/libsrc/xadcps_v2_2/src -s clean 
make -C ps7_cortexa9_0/libsrc/devcfg_v3_5/src -s clean 
make -C ps7_cortexa9_0/libsrc/gpio_v4_3/src -s clean 
make -C ps7_cortexa9_0/libsrc/scuwdt_v2_1/src -s clean 
make -C ps7_cortexa9_0/libsrc/usbps_v2_4/src -s clean 
make -C ps7_cortexa9_0/libsrc/sdps_v3_5/src -s clean 
make -C ps7_cortexa9_0/libsrc/cpu_cortexa9_v2_6/src -s clean 
make -C ps7_cortexa9_0/libsrc/coresightps_dcc_v1_4/src -s clean 
make -C ps7_cortexa9_0/libsrc/scutimer_v2_1/src -s clean 
rm -f ps7_cortexa9_0/lib/libxil.a
